<?xml version="1.0" encoding="UTF-8"?>
<!-- Generated by org.testng.reporters.JUnitReportReporter -->
<testsuite hostname="ip-172-31-19-48" failures="0" tests="1" name="pom_test.Manage_product_page_test" time="47.091" errors="0" timestamp="2023-07-04T12:30:50 UTC" skipped="0">
  <testcase classname="pom_test.Manage_product_page_test" name="Manageproductpage" time="47.091"/>
</testsuite> <!-- pom_test.Manage_product_page_test -->
