<?xml version="1.0" encoding="UTF-8"?>
<!-- Generated by org.testng.reporters.JUnitReportReporter -->
<testsuite hostname="ip-172-31-19-48" failures="0" tests="1" name="pom.Home_page" time="2.289" errors="0" timestamp="2023-07-03T14:05:52 UTC" skipped="0">
  <testcase classname="pom.Home_page" name="login_page" time="2.289"/>
</testsuite> <!-- pom.Home_page -->
