<?xml version="1.0" encoding="UTF-8"?>
<!-- Generated by org.testng.reporters.JUnitReportReporter -->
<testsuite hostname="ip-172-31-19-48" failures="0" tests="1" name="pom_test.Edit_page_test" time="163.089" errors="0" timestamp="2023-07-04T13:25:21 UTC" skipped="0">
  <testcase classname="pom_test.Edit_page_test" name="editpage" time="163.089"/>
</testsuite> <!-- pom_test.Edit_page_test -->
